 
 
*               * * * * * * * * * * * * * * * * * * * * * * * *                 
*               *                                             *                 
*               *    Program:  LaGriT V3.3.4   Darwin         *                 
*               *    Compiler Name: AppleClang                *                 
*               *    Compiler Version: 14.0.0.14000029        *                 
*               *    Date Compile: 2024/10/22                 *                 
*               *    Run Time: 2024/Dec 17  16:42:59          *                 
*               *    Manual:   https://lagrit.lanl.gov        *                 
*               *                                             *                 
*               * * * * * * * * * * * * * * * * * * * * * * * *                 
 
                               -----oOo-----                                    
             LaGriT V3 LA-CC-15-069  https://github.com/lanl/LaGriT             
  Copyright 2016. Triad National Security, LLC.  All rights reserved. This      
  program was produced under U.S. Government contract 89233218CNA000001         
  for Los Alamos National Laboratory (LANL), which is operated by Triad         
  National Security, LLC for the U.S. Department of Energy/National Nuclear     
  Security Administration.  All rights in the program are reserved by Triad     
  National Security, LLC, and the U.S. Department of Energy/National Nuclear    
  Security Administration. The Government is granted for itself and others      
  acting on its behalf a nonexclusive, paid-up, irrevocable worldwide license   
  in this material to reproduce, prepare derivative works, distribute copies    
  to the public, perform publicly and display publicly, and to permit others to 
  do so. This software is open source and available under the BSD-3 License.    
                               -----oOo-----                                    
 
 
Output log file: lagrit_logs/driver_frac40.out                                  
Command log file: lagrit_logs/driver_frac40.log                                 
 
read/avs/mohex2.inp/mohex2                                                      
cmo/addatt/mohex2/itetpar/VINT/scalar/nelements/linear/permanent/gxaf/0.0       
finish                                                                          
cmo/addatt/mohex2/itetkid/VINT/scalar/nelements/linear/permanent/gxaf/0.0       
finish                                                                          
cmo/addatt/mohex2/itetlev/VINT/scalar/nelements/linear/permanent/gxaf/0.0       
finish                                                                          
cmo/addatt/mohex2/if_int/VINT/scalar/nelements/linear/permanent/gxaf/0.0        
finish                                                                          
geniee                                                                          
finish                                                                          
cmo/status/brief                                                                
 
The current-mesh-object(CMO) is: mohex2                                         
 
  1 Mesh Object name: mohex2                                                    
    number of nodes =         12964        number of elements =         7735    
    dimensions geometry =         3        element type =                hex    
    dimensions topology =         3        8 nodes      6 faces     12 edges    
    boundary flag =        16000000        status =                   active    
 
 
finish                                                                          
cmo/DELATT/mohex2/if_int                                                        
read/avs/MOTET_np1.inp/MOTET_np1                                                
geniee                                                                          
finish                                                                          
cmo/status/brief                                                                
 
The current-mesh-object(CMO) is: MOTET_np1                                      
 
  1 Mesh Object name: mohex2                                                    
    number of nodes =         12964        number of elements =         7735    
    dimensions geometry =         3        element type =                hex    
    dimensions topology =         3        8 nodes      6 faces     12 edges    
    boundary flag =        16000000        status =                 inactive    
 
  2 Mesh Object name: MOTET_np1                                                 
    number of nodes =         94949        number of elements =       540506    
    dimensions geometry =         3        element type =                tet    
    dimensions topology =         3        4 nodes      4 faces      6 edges    
    boundary flag =        16000000        status =                   active    
 
 
finish                                                                          
read/avs/MOTET.inp/MOTET                                                        
geniee                                                                          
finish                                                                          
cmo/status/brief                                                                
 
The current-mesh-object(CMO) is: MOTET                                          
 
  1 Mesh Object name: mohex2                                                    
    number of nodes =         12964        number of elements =         7735    
    dimensions geometry =         3        element type =                hex    
    dimensions topology =         3        8 nodes      6 faces     12 edges    
    boundary flag =        16000000        status =                 inactive    
 
  2 Mesh Object name: MOTET_np1                                                 
    number of nodes =         94949        number of elements =       540506    
    dimensions geometry =         3        element type =                tet    
    dimensions topology =         3        4 nodes      4 faces      6 edges    
    boundary flag =        16000000        status =                 inactive    
 
  3 Mesh Object name: MOTET                                                     
    number of nodes =         23277        number of elements =       127512    
    dimensions geometry =         3        element type =                tet    
    dimensions topology =         3        4 nodes      4 faces      6 edges    
    boundary flag =        16000000        status =                   active    
 
 
finish                                                                          
read/avs/reduced_mesh.inp/MODFN                                                 
cmo/addatt/MODFN/family_id/VINT/scalar/nelements/linear/permanent/gxaf/0.0      
finish                                                                          
geniee                                                                          
finish                                                                          
cmo/status/brief                                                                
 
The current-mesh-object(CMO) is: MODFN                                          
 
  1 Mesh Object name: mohex2                                                    
    number of nodes =         12964        number of elements =         7735    
    dimensions geometry =         3        element type =                hex    
    dimensions topology =         3        8 nodes      6 faces     12 edges    
    boundary flag =        16000000        status =                 inactive    
 
  2 Mesh Object name: MOTET_np1                                                 
    number of nodes =         94949        number of elements =       540506    
    dimensions geometry =         3        element type =                tet    
    dimensions topology =         3        4 nodes      4 faces      6 edges    
    boundary flag =        16000000        status =                 inactive    
 
  3 Mesh Object name: MOTET                                                     
    number of nodes =         23277        number of elements =       127512    
    dimensions geometry =         3        element type =                tet    
    dimensions topology =         3        4 nodes      4 faces      6 edges    
    boundary flag =        16000000        status =                 inactive    
 
  4 Mesh Object name: MODFN                                                     
    number of nodes =           406        number of elements =          298    
    dimensions geometry =         3        element type =                tri    
    dimensions topology =         2        3 nodes      3 faces      3 edges    
    boundary flag =        16000000        status =                   active    
 
 
finish                                                                          
cmo/create/FRACTURE40                                                           
cmo/copy/FRACTURE40/MODFN                                                       
     Released Mesh Object: FRACTURE40                                           
cmo/select/FRACTURE40                                                           
pset/pdel/attribute imt/1 0 0/ne/40                                             
 
 THE PSET  pdel  HAS        398 POINTS                                          
rmpoint pset,get,pdel                                                           
 Dudded        398 points plus parents, plus         292 elements removed.      
rmpoint compress                                                                
       398 points removed and          0 elements removed.                      
RMPOINT: new point count is            8                                        
RMPOINT: new element count is          6                                        
resetpts itp                                                                    
geniee                                                                          
finish                                                                          
pset/pdel/delete                                                                
 
 PSET pdel     DELETED                                                          
 
eltset/edel/itetclr/ne/40                                                       
 
 THE ELTSET edel                             HAS          0 ELEMENTS            
rmpoint element eltset,get,edel                                                 
 Dudded          0 points plus parents, and           0 elements removed.       
rmpoint compress                                                                
         0 points removed and          0 elements removed.                      
RMPOINT: new point count is            8                                        
RMPOINT: new element count is          6                                        
resetpts itp                                                                    
geniee                                                                          
finish                                                                          
eltset/edel/delete                                                              
 
 ELTSET edel                             DELETED                                
 
intersect_elements/mohex2/FRACTURE40/if_int                                     
cmo/select/mohex2                                                               
finish                                                                          
kdtree/build                                                                    
cmo/addatt//v2/INT/scalar/scalar/constant/temporary//2.0                        
finish                                                                          
cmo/addatt//linkt/VINT/v2/nelements//temporary/x/0.0                            
finish                                                                          
cmo/addatt//v12/INT/scalar/scalar/constant/temporary//12.0                      
finish                                                                          
cmo/addatt//sbox/VDOUBLE/v12/nelements/linear/temporary/x/0.0                   
finish                                                                          
finish                                                                          
cmo/addatt/mohex2/if_int/VINT/scalar/nelements/linear/permanent//0/             
finish                                                                          
 
         Element    Elems Searched  Elements Found  Percent Done                
              3               25              7       25 %                      
              5               41              0       50 %                      
              6               51              7    Total Done                   
 
cmo/select/mohex2                                                               
finish                                                                          
kdtree/release                                                                  
cmo/DELATT/mohex2/sbox                                                          
finish                                                                          
cmo/DELATT/mohex2/v12                                                           
finish                                                                          
cmo/DELATT/mohex2/linkt                                                         
finish                                                                          
cmo/DELATT/mohex2/v2                                                            
finish                                                                          
finish                                                                          
eltset/erefine/if_int/ne/0                                                      
 
 THE ELTSET erefine                          HAS          7 ELEMENTS            
pset/pinter/eltset erefine                                                      
 
 THE PSET  pinter  HAS         28 POINTS                                        
cmo/create/temp40                                                               
cmo/copy/temp40/mohex2                                                          
     Released Mesh Object: temp40                                               
cmo/select/temp40                                                               
pset/pdel/if_int/1 0 0/eq/0                                                     
 
 THE PSET  pdel  HAS          0 POINTS                                          
rmpoint,pset,get,pdel                                                           
 Dudded          0 points plus parents, there are no elements in mesh.          
rmpoint compress                                                                
         0 points removed and          0 elements removed.                      
RMPOINT: new point count is        12964                                        
RMPOINT: new element count is       7735                                        
resetpts itp                                                                    
geniee                                                                          
finish                                                                          
pset/pdel/delete                                                                
 
 PSET pdel     DELETED                                                          
 
eltset/edel/if_int/eq/0                                                         
 
 THE ELTSET edel                             HAS       7728 ELEMENTS            
rmpoint element eltset,get,edel                                                 
 Dudded      12936 points plus parents, and        7728 elements removed.       
rmpoint compress                                                                
     12936 points removed and          0 elements removed.                      
RMPOINT: new point count is           28                                        
RMPOINT: new element count is          7                                        
resetpts itp                                                                    
geniee                                                                          
finish                                                                          
eltset/edel/delete                                                              
 
 ELTSET edel                             DELETED                                
 
cmo/setatt/temp40/itetclr/1 0 0/40                                              
         7 values reset for attribute itetclr                                   
 
cmo/setatt/temp40/imt/1 0 0/40                                                  
        28 values reset for attribute imt1                                      
 
cmo/create/TETCOPY                                                              
cmo/copy/TETCOPY/MOTET                                                          
     Released Mesh Object: TETCOPY                                              
cmo/select/TETCOPY                                                              
interpolate/map/TETCOPY/itetclr/1 0 0/temp40/itetclr                            
elements in indexed set  =     127512                                           
 
INTRP METHOD:        map   FUNCTION:       user                                 
      TIEBREAKER:     maxtie   FLAG:      plus1  0.410000000000E+02             
 
cmo select temp40                                                               
finish                                                                          
cmo kdtree build                                                                
cmo/addatt//v2/INT/scalar/scalar/constant/temporary//2.0                        
finish                                                                          
cmo/addatt//linkt/VINT/v2/nelements//temporary/x/0.0                            
finish                                                                          
cmo/addatt//v12/INT/scalar/scalar/constant/temporary//12.0                      
finish                                                                          
cmo/addatt//sbox/VDOUBLE/v12/nelements/linear/temporary/x/0.0                   
finish                                                                          
finish                                                                          
cmo setatt temp40 idebug/0                                                      
         1 values reset for attribute idebug                                    
 
finish                                                                          
 
Build kdtree done - assign the enclosing element for each.                      
 
 
     Sink point   Elems Searched  Elements Found  Percent Done                  
 
           6377                4              4        5 %                      
          12753                6              6       10 %                      
          19129                6              6       15 %                      
          25505                7              7       20 %                      
          31881               10             10       25 %                      
          38257               11             11       30 %                      
          44633               13             13       35 %                      
          51009               15             15       40 %                      
          57385               15             15       45 %                      
          63761               18             18       50 %                      
          70137               20             20       55 %                      
          76513               23             23       60 %                      
          82889               29             29       65 %                      
          89265               29             29       70 %                      
          95641               29             29       75 %                      
         102017               33             33       80 %                      
         108393               35             35       85 %                      
         114769               38             38       90 %                      
         121145               39             39       95 %                      
         127512               42             42       100%                      
 
Total Source Elements:                       7                                  
Total Sink   Centroids:                 127512                                  
 
WARNING: Sink points not inside source grid:                   127470           
Outside sink points flagged with value:                         41.00           
 
interpolate/map done.                                                           
 
cmo select TETCOPY                                                              
finish                                                                          
cmo kdtree release                                                              
cmo/DELATT/temp40/sbox                                                          
finish                                                                          
cmo/DELATT/temp40/v12                                                           
finish                                                                          
cmo/DELATT/temp40/linkt                                                         
finish                                                                          
cmo/DELATT/temp40/v2                                                            
finish                                                                          
finish                                                                          
compute/distance_field/TETCOPY/temp40/dfield                                    
cmo/addatt/TETCOPY/temp_tmp_var/VDOUBLE/scalar/nnodes/linear/temporary//-1.0    
finish                                                                          
cmo/addatt/TETCOPY/xobj_tmp_var/VDOUBLE/scalar/nnodes/linear/temporary//-1.0    
finish                                                                          
cmo/addatt/TETCOPY/yobj_tmp_var/VDOUBLE/scalar/nnodes/linear/temporary//-1.0    
finish                                                                          
cmo/addatt/TETCOPY/zobj_tmp_var/VDOUBLE/scalar/nnodes/linear/temporary//-1.0    
finish                                                                          
cmo/addatt/TETCOPY/dfield/VDOUBLE/scalar/nnodes/linear/permanent//-1.0          
finish                                                                          
interpolate/voronoi/TETCOPY/xobj_tmp_var/1 0 0/temp40/xic/keepatt               
nodes in indexed point set  =      23277                                        
cmo/addatt/TETCOPY/pt_gtg/VINT/scalar/nnodes//permanent/agfx/0                  
finish                                                                          
 
INTRP METHOD:    voronoi   FUNCTION:     linear                                 
      TIEBREAKER:     maxtie   FLAG:      plus1  0.251000000000E+03             
 
pt_gtg attribute will be added and kept.                                        
 
Build kdtree0 done - assign nearest node for each.                              
 
 
     Sink point   Points Searched   Points Found  Percent Done                  
 
           1165             1165           1165        5 %                      
           2329             2329           2329       10 %                      
           3493             3493           3493       15 %                      
           4657             4657           4657       20 %                      
           5821             5821           5821       25 %                      
           6985             6985           6985       30 %                      
           8149             8215           8149       35 %                      
           9313             9445           9313       40 %                      
          10477            10664          10477       45 %                      
          11641            11841          11641       50 %                      
          12805            13039          12805       55 %                      
          13969            14268          13969       60 %                      
          15133            15500          15133       65 %                      
          16297            16691          16297       70 %                      
          17461            17865          17461       75 %                      
          18625            19033          18625       80 %                      
          19789            20202          19789       85 %                      
          20953            21373          20953       90 %                      
          22117            22539          22117       95 %                      
          23277            23708          23277       100%                      
 
Total Source Nodes:                      28                                     
Total Sink   Nodes:                   23277                                     
 
 
interpolate/voronoi done.                                                       
 
cmo select TETCOPY                                                              
finish                                                                          
cmo kdtree release                                                              
finish                                                                          
finish                                                                          
interpolate/voronoi/TETCOPY/yobj_tmp_var/1 0 0/temp40/yic/keepatt               
nodes in indexed point set  =      23277                                        
 
INTRP METHOD:    voronoi   FUNCTION:     linear                                 
      TIEBREAKER:     maxtie   FLAG:      plus1 -0.274900000000E+04             
 
SKIPPING POINT SEARCH... using lookup attribute pt_gtg                          
           1165             1165           1165        5 %                      
           2329             2329           2329       10 %                      
           3493             3493           3493       15 %                      
           4657             4657           4657       20 %                      
           5821             5821           5821       25 %                      
           6985             6985           6985       30 %                      
           8149             8149           8149       35 %                      
           9313             9313           9313       40 %                      
          10477            10477          10477       45 %                      
          11641            11641          11641       50 %                      
          12805            12805          12805       55 %                      
          13969            13969          13969       60 %                      
          15133            15133          15133       65 %                      
          16297            16297          16297       70 %                      
          17461            17461          17461       75 %                      
          18625            18625          18625       80 %                      
          19789            19789          19789       85 %                      
          20953            20953          20953       90 %                      
          22117            22117          22117       95 %                      
          23277            23277          23277       100%                      
 
Total Source Nodes:                      28                                     
Total Sink   Nodes:                   23277                                     
 
 
interpolate/voronoi done.                                                       
 
cmo select TETCOPY                                                              
finish                                                                          
cmo kdtree release                                                              
finish                                                                          
finish                                                                          
interpolate/voronoi/TETCOPY/zobj_tmp_var/1 0 0/temp40/zic                       
nodes in indexed point set  =      23277                                        
 
INTRP METHOD:    voronoi   FUNCTION:     linear                                 
      TIEBREAKER:     maxtie   FLAG:      plus1  0.225100000000E+04             
 
SKIPPING POINT SEARCH... using lookup attribute pt_gtg                          
           1165             1165           1165        5 %                      
           2329             2329           2329       10 %                      
           3493             3493           3493       15 %                      
           4657             4657           4657       20 %                      
           5821             5821           5821       25 %                      
           6985             6985           6985       30 %                      
           8149             8149           8149       35 %                      
           9313             9313           9313       40 %                      
          10477            10477          10477       45 %                      
          11641            11641          11641       50 %                      
          12805            12805          12805       55 %                      
          13969            13969          13969       60 %                      
          15133            15133          15133       65 %                      
          16297            16297          16297       70 %                      
          17461            17461          17461       75 %                      
          18625            18625          18625       80 %                      
          19789            19789          19789       85 %                      
          20953            20953          20953       90 %                      
          22117            22117          22117       95 %                      
          23277            23277          23277       100%                      
 
Total Source Nodes:                      28                                     
Total Sink   Nodes:                   23277                                     
 
 
interpolate/voronoi done.                                                       
 
cmo DELATT TETCOPY/pt_gtg                                                       
finish                                                                          
cmo select TETCOPY                                                              
finish                                                                          
cmo kdtree release                                                              
finish                                                                          
finish                                                                          
math/sub/TETCOPY/temp_tmp_var/1,0,0/TETCOPY/xic/TETCOPY/xobj_tmp_var            
finish                                                                          
math/power/TETCOPY/dfield/1,0,0/TETCOPY/temp_tmp_var/2.0                        
finish                                                                          
math/sub/TETCOPY/temp_tmp_var/1,0,0/TETCOPY/yic/TETCOPY/yobj_tmp_var            
finish                                                                          
math/power/TETCOPY/temp_tmp_var/1,0,0/TETCOPY/temp_tmp_var/2.0                  
finish                                                                          
math/add/TETCOPY/dfield/1 0 0/TETCOPY/dfield/TETCOPY/temp_tmp_var               
finish                                                                          
math/sub/TETCOPY/temp_tmp_var/1,0,0/TETCOPY/zic/TETCOPY/zobj_tmp_var            
finish                                                                          
math/power/TETCOPY/temp_tmp_var/1,0,0/TETCOPY/temp_tmp_var/2.0                  
finish                                                                          
math/add/TETCOPY/dfield/1 0 0/TETCOPY/dfield/TETCOPY/temp_tmp_var               
finish                                                                          
math/power/TETCOPY/dfield/1,0,0/TETCOPY/dfield/0.5                              
finish                                                                          
cmo/delatt/TETCOPY/temp_tmp_var                                                 
finish                                                                          
cmo/delatt/TETCOPY/xobj_tmp_var                                                 
finish                                                                          
cmo/delatt/TETCOPY/yobj_tmp_var                                                 
finish                                                                          
cmo/delatt/TETCOPY/zobj_tmp_var                                                 
finish                                                                          
COMPUTE distance_field: Done.                                                   
cmo/select/TETCOPY                                                              
pset/pfrac/attribute/dfield/1 0 0/le/1.e-8                                      
 
 THE PSET  pfrac  HAS         28 POINTS                                         
cmo/setatt/TETCOPY/imt/1 0 0/55                                                 
     23277 values reset for attribute imt1                                      
 
cmo/setatt/TETCOPY/imt/pset get pfrac/40                                        
        28 values reset for attribute imt1                                      
 
cmo/set_id/MOTET_np1/element/id_cell                                            
cmo/addatt/MOTET_np1 id_cell/VINT/scalar/nelements/linear/permanent//0          
finish                                                                          
cmo/set_id/MOTET_np1/node/id_vertex                                             
cmo/addatt/MOTET_np1 id_vertex/VINT/scalar/nnodes/linear/permanent//0           
finish                                                                          
extract/plane/ptnorm/-1005.29058 -2841.3866 956.4396834/0.222062972967255 -0.173
779641932489 0.959421008779128/1 0 0/moext/MOTET_np1                            
cmo/status/brief                                                                
 
The current-mesh-object(CMO) is: moext                                          
 
  1 Mesh Object name: mohex2                                                    
    number of nodes =         12964        number of elements =         7735    
    dimensions geometry =         3        element type =                hex    
    dimensions topology =         3        8 nodes      6 faces     12 edges    
    boundary flag =        16000000        status =                 inactive    
 
  2 Mesh Object name: MOTET_np1                                                 
    number of nodes =         94949        number of elements =       540506    
    dimensions geometry =         3        element type =                tet    
    dimensions topology =         3        4 nodes      4 faces      6 edges    
    boundary flag =        16000000        status =                 inactive    
 
  3 Mesh Object name: MOTET                                                     
    number of nodes =         23277        number of elements =       127512    
    dimensions geometry =         3        element type =                tet    
    dimensions topology =         3        4 nodes      4 faces      6 edges    
    boundary flag =        16000000        status =                 inactive    
 
  4 Mesh Object name: MODFN                                                     
    number of nodes =           406        number of elements =          298    
    dimensions geometry =         3        element type =                tri    
    dimensions topology =         2        3 nodes      3 faces      3 edges    
    boundary flag =        16000000        status =                 inactive    
 
  5 Mesh Object name: FRACTURE40                                                
    number of nodes =             8        number of elements =            6    
    dimensions geometry =         3        element type =                tri    
    dimensions topology =         2        3 nodes      3 faces      3 edges    
    boundary flag =        16000000        status =                 inactive    
 
  6 Mesh Object name: temp40                                                    
    number of nodes =            28        number of elements =            7    
    dimensions geometry =         3        element type =                hex    
    dimensions topology =         3        8 nodes      6 faces     12 edges    
    boundary flag =        16000000        status =                 inactive    
 
  7 Mesh Object name: TETCOPY                                                   
    number of nodes =         23277        number of elements =       127512    
    dimensions geometry =         3        element type =                tet    
    dimensions topology =         3        4 nodes      4 faces      6 edges    
    boundary flag =        16000000        status =                 inactive    
 
  8 Mesh Object name: moext                                                     
    number of nodes =         13045        number of elements =        19842    
    dimensions geometry =         3        element type =                hyb    
    dimensions topology =         2       10 nodes     10 faces     12 edges    
    boundary flag =        16000000        status =                   active    
 
 
createpts/median                                                                
cmo/addatt//xmed/VDOUBLE/scalar/nelements///gal/0.                              
finish                                                                          
cmo/addatt//ymed/VDOUBLE/scalar/nelements///gal/0.                              
finish                                                                          
cmo/addatt//zmed/VDOUBLE/scalar/nelements///gal/0.                              
finish                                                                          
cmo/DELATT/moext/id_cell                                                        
cmo/DELATT/moext/id_parent                                                      
DELATT no action, attribute does not exist: id_parent                           
dump/avs2/ex_xyz40.table/moext 0 0 0 1                                          
WARNING: dump/avs  iopt_points=    0                                            
WARNING: dump/avs  iopt_elements=    0                                          
WARNING: dump/avs  iopt_values_node=    0                                       
WARNING: dump/avs  iopt_values_elem=    1                                       
WARNING: dump/avs  will produce non-standard AVS output that                    
WARNING: read/avs may not be able to read.                                      
cmo/modatt/-def-/-def-/ioflag/x                                                 
finish                                                                          
cmo/addatt/moext/volume/area_tri                                                
ADDATT/volume: creating new attribute: area_tri                                 
cmo/DELATT/moext/xmed                                                           
cmo/DELATT/moext/ymed                                                           
cmo/DELATT/moext/zmed                                                           
dump/avs2/ex_area40.table/moext 0 0 0 1                                         
WARNING: dump/avs  iopt_points=    0                                            
WARNING: dump/avs  iopt_elements=    0                                          
WARNING: dump/avs  iopt_values_node=    0                                       
WARNING: dump/avs  iopt_values_elem=    1                                       
WARNING: dump/avs  will produce non-standard AVS output that                    
WARNING: read/avs may not be able to read.                                      
cmo/modatt/-def-/-def-/ioflag/x                                                 
finish                                                                          
cmo/delete/moext                                                                
     Released Mesh Object: moext                                                
cmo/select/TETCOPY                                                              
cmo/DELATT/TETCOPY/icr1                                                         
cmo/DELATT/TETCOPY/itp1                                                         
cmo/DELATT/TETCOPY/isn1                                                         
dump/avs2/frac40.inp/TETCOPY                                                    
cmo/modatt/-def-/-def-/ioflag/x                                                 
finish                                                                          
cmo/delete/temp40                                                               
     Released Mesh Object: temp40                                               
cmo/delete/TETCOPY                                                              
     Released Mesh Object: TETCOPY                                              
cmo/select/mohex2                                                               
cmo/setatt/mohex2/itetclr/eltset get erefine/40                                 
         7 values reset for attribute itetclr                                   
 
cmo/setatt/mohex2/imt/pset get pinter/40                                        
        28 values reset for attribute imt1                                      
 
eltset/erefine/delete                                                           
 
 ELTSET erefine                          DELETED                                
 
pset/pinter/delete                                                              
 
 PSET pinter   DELETED                                                          
 
cmo/DELATT/mohex2/if_int                                                        
cmo/delete/FRACTURE40                                                           
     Released Mesh Object: FRACTURE40                                           
finish                                                                          
LaGriT successfully completed                                                   
