 
 
*               * * * * * * * * * * * * * * * * * * * * * * * *                 
*               *                                             *                 
*               *    Program:  LaGriT V3.3.4   Darwin         *                 
*               *    Compiler Name: AppleClang                *                 
*               *    Compiler Version: 14.0.0.14000029        *                 
*               *    Date Compile: 2024/10/22                 *                 
*               *    Run Time: 2024/Oct 28  12:30:24          *                 
*               *    Manual:   https://lagrit.lanl.gov        *                 
*               *                                             *                 
*               * * * * * * * * * * * * * * * * * * * * * * * *                 
 
                               -----oOo-----                                    
             LaGriT V3 LA-CC-15-069  https://github.com/lanl/LaGriT             
  Copyright 2016. Triad National Security, LLC.  All rights reserved. This      
  program was produced under U.S. Government contract 89233218CNA000001         
  for Los Alamos National Laboratory (LANL), which is operated by Triad         
  National Security, LLC for the U.S. Department of Energy/National Nuclear     
  Security Administration.  All rights in the program are reserved by Triad     
  National Security, LLC, and the U.S. Department of Energy/National Nuclear    
  Security Administration. The Government is granted for itself and others      
  acting on its behalf a nonexclusive, paid-up, irrevocable worldwide license   
  in this material to reproduce, prepare derivative works, distribute copies    
  to the public, perform publicly and display publicly, and to permit others to 
  do so. This software is open source and available under the BSD-3 License.    
                               -----oOo-----                                    
 
 
Output log file: lagrit_logs/driver_frac8.out                                   
Command log file: lagrit_logs/driver_frac8.log                                  
 
read/avs/mohex2.inp/mohex2                                                      
cmo/addatt/mohex2/itetpar/VINT/scalar/nelements/linear/permanent/gxaf/0.0       
finish                                                                          
cmo/addatt/mohex2/itetkid/VINT/scalar/nelements/linear/permanent/gxaf/0.0       
finish                                                                          
cmo/addatt/mohex2/itetlev/VINT/scalar/nelements/linear/permanent/gxaf/0.0       
finish                                                                          
cmo/addatt/mohex2/if_int/VINT/scalar/nelements/linear/permanent/gxaf/0.0        
finish                                                                          
geniee                                                                          
finish                                                                          
cmo/status/brief                                                                
 
The current-mesh-object(CMO) is: mohex2                                         
 
  1 Mesh Object name: mohex2                                                    
    number of nodes =         13089        number of elements =         7855    
    dimensions geometry =         3        element type =                hex    
    dimensions topology =         3        8 nodes      6 faces     12 edges    
    boundary flag =        16000000        status =                   active    
 
 
finish                                                                          
cmo/DELATT/mohex2/if_int                                                        
read/avs/MOTET_np1.inp/MOTET_np1                                                
geniee                                                                          
finish                                                                          
cmo/status/brief                                                                
 
The current-mesh-object(CMO) is: MOTET_np1                                      
 
  1 Mesh Object name: mohex2                                                    
    number of nodes =         13089        number of elements =         7855    
    dimensions geometry =         3        element type =                hex    
    dimensions topology =         3        8 nodes      6 faces     12 edges    
    boundary flag =        16000000        status =                 inactive    
 
  2 Mesh Object name: MOTET_np1                                                 
    number of nodes =         96365        number of elements =       546425    
    dimensions geometry =         3        element type =                tet    
    dimensions topology =         3        4 nodes      4 faces      6 edges    
    boundary flag =        16000000        status =                   active    
 
 
finish                                                                          
read/avs/MOTET.inp/MOTET                                                        
geniee                                                                          
finish                                                                          
cmo/status/brief                                                                
 
The current-mesh-object(CMO) is: MOTET                                          
 
  1 Mesh Object name: mohex2                                                    
    number of nodes =         13089        number of elements =         7855    
    dimensions geometry =         3        element type =                hex    
    dimensions topology =         3        8 nodes      6 faces     12 edges    
    boundary flag =        16000000        status =                 inactive    
 
  2 Mesh Object name: MOTET_np1                                                 
    number of nodes =         96365        number of elements =       546425    
    dimensions geometry =         3        element type =                tet    
    dimensions topology =         3        4 nodes      4 faces      6 edges    
    boundary flag =        16000000        status =                 inactive    
 
  3 Mesh Object name: MOTET                                                     
    number of nodes =         23210        number of elements =       127303    
    dimensions geometry =         3        element type =                tet    
    dimensions topology =         3        4 nodes      4 faces      6 edges    
    boundary flag =        16000000        status =                   active    
 
 
finish                                                                          
read/avs/reduced_mesh.inp/MODFN                                                 
cmo/addatt/MODFN/family_id/VINT/scalar/nelements/linear/permanent/gxaf/0.0      
finish                                                                          
geniee                                                                          
finish                                                                          
cmo/status/brief                                                                
 
The current-mesh-object(CMO) is: MODFN                                          
 
  1 Mesh Object name: mohex2                                                    
    number of nodes =         13089        number of elements =         7855    
    dimensions geometry =         3        element type =                hex    
    dimensions topology =         3        8 nodes      6 faces     12 edges    
    boundary flag =        16000000        status =                 inactive    
 
  2 Mesh Object name: MOTET_np1                                                 
    number of nodes =         96365        number of elements =       546425    
    dimensions geometry =         3        element type =                tet    
    dimensions topology =         3        4 nodes      4 faces      6 edges    
    boundary flag =        16000000        status =                 inactive    
 
  3 Mesh Object name: MOTET                                                     
    number of nodes =         23210        number of elements =       127303    
    dimensions geometry =         3        element type =                tet    
    dimensions topology =         3        4 nodes      4 faces      6 edges    
    boundary flag =        16000000        status =                 inactive    
 
  4 Mesh Object name: MODFN                                                     
    number of nodes =           406        number of elements =          298    
    dimensions geometry =         3        element type =                tri    
    dimensions topology =         2        3 nodes      3 faces      3 edges    
    boundary flag =        16000000        status =                   active    
 
 
finish                                                                          
cmo/create/FRACTURE8                                                            
cmo/copy/FRACTURE8/MODFN                                                        
     Released Mesh Object: FRACTURE8                                            
cmo/select/FRACTURE8                                                            
pset/pdel/attribute imt/1 0 0/ne/8                                              
 
 THE PSET  pdel  HAS        399 POINTS                                          
rmpoint pset,get,pdel                                                           
 Dudded        399 points plus parents, plus         293 elements removed.      
rmpoint compress                                                                
       399 points removed and          0 elements removed.                      
RMPOINT: new point count is            7                                        
RMPOINT: new element count is          5                                        
resetpts itp                                                                    
geniee                                                                          
finish                                                                          
pset/pdel/delete                                                                
 
 PSET pdel     DELETED                                                          
 
eltset/edel/itetclr/ne/8                                                        
 
 THE ELTSET edel                             HAS          0 ELEMENTS            
rmpoint element eltset,get,edel                                                 
 Dudded          0 points plus parents, and           0 elements removed.       
rmpoint compress                                                                
         0 points removed and          0 elements removed.                      
RMPOINT: new point count is            7                                        
RMPOINT: new element count is          5                                        
resetpts itp                                                                    
geniee                                                                          
finish                                                                          
eltset/edel/delete                                                              
 
 ELTSET edel                             DELETED                                
 
intersect_elements/mohex2/FRACTURE8/if_int                                      
cmo/select/mohex2                                                               
finish                                                                          
kdtree/build                                                                    
cmo/addatt//v2/INT/scalar/scalar/constant/temporary//2.0                        
finish                                                                          
cmo/addatt//linkt/VINT/v2/nelements//temporary/x/0.0                            
finish                                                                          
cmo/addatt//v12/INT/scalar/scalar/constant/temporary//12.0                      
finish                                                                          
cmo/addatt//sbox/VDOUBLE/v12/nelements/linear/temporary/x/0.0                   
finish                                                                          
finish                                                                          
cmo/addatt/mohex2/if_int/VINT/scalar/nelements/linear/permanent//0/             
finish                                                                          
 
         Element    Elems Searched  Elements Found  Percent Done                
              2               14              3       25 %                      
              3               18              0       50 %                      
              4               25              0       75 %                      
              5               29              3    Total Done                   
 
cmo/select/mohex2                                                               
finish                                                                          
kdtree/release                                                                  
cmo/DELATT/mohex2/sbox                                                          
finish                                                                          
cmo/DELATT/mohex2/v12                                                           
finish                                                                          
cmo/DELATT/mohex2/linkt                                                         
finish                                                                          
cmo/DELATT/mohex2/v2                                                            
finish                                                                          
finish                                                                          
eltset/erefine/if_int/ne/0                                                      
 
 THE ELTSET erefine                          HAS          3 ELEMENTS            
pset/pinter/eltset erefine                                                      
 
 THE PSET  pinter  HAS         16 POINTS                                        
cmo/create/temp8                                                                
cmo/copy/temp8/mohex2                                                           
     Released Mesh Object: temp8                                                
cmo/select/temp8                                                                
pset/pdel/if_int/1 0 0/eq/0                                                     
 
 THE PSET  pdel  HAS          0 POINTS                                          
rmpoint,pset,get,pdel                                                           
 Dudded          0 points plus parents, there are no elements in mesh.          
rmpoint compress                                                                
         0 points removed and          0 elements removed.                      
RMPOINT: new point count is        13089                                        
RMPOINT: new element count is       7855                                        
resetpts itp                                                                    
geniee                                                                          
finish                                                                          
pset/pdel/delete                                                                
 
 PSET pdel     DELETED                                                          
 
eltset/edel/if_int/eq/0                                                         
 
 THE ELTSET edel                             HAS       7852 ELEMENTS            
rmpoint element eltset,get,edel                                                 
 Dudded      13073 points plus parents, and        7852 elements removed.       
rmpoint compress                                                                
     13073 points removed and          0 elements removed.                      
RMPOINT: new point count is           16                                        
RMPOINT: new element count is          3                                        
resetpts itp                                                                    
geniee                                                                          
finish                                                                          
eltset/edel/delete                                                              
 
 ELTSET edel                             DELETED                                
 
cmo/setatt/temp8/itetclr/1 0 0/8                                                
         3 values reset for attribute itetclr                                   
 
cmo/setatt/temp8/imt/1 0 0/8                                                    
        16 values reset for attribute imt1                                      
 
cmo/create/TETCOPY                                                              
cmo/copy/TETCOPY/MOTET                                                          
     Released Mesh Object: TETCOPY                                              
cmo/select/TETCOPY                                                              
interpolate/map/TETCOPY/itetclr/1 0 0/temp8/itetclr                             
elements in indexed set  =     127303                                           
 
INTRP METHOD:        map   FUNCTION:       user                                 
      TIEBREAKER:     maxtie   FLAG:      plus1  0.900000000000E+01             
 
cmo select temp8                                                                
finish                                                                          
cmo kdtree build                                                                
cmo/addatt//v2/INT/scalar/scalar/constant/temporary//2.0                        
finish                                                                          
cmo/addatt//linkt/VINT/v2/nelements//temporary/x/0.0                            
finish                                                                          
cmo/addatt//v12/INT/scalar/scalar/constant/temporary//12.0                      
finish                                                                          
cmo/addatt//sbox/VDOUBLE/v12/nelements/linear/temporary/x/0.0                   
finish                                                                          
finish                                                                          
cmo setatt temp8 idebug/0                                                       
         1 values reset for attribute idebug                                    
 
finish                                                                          
 
Build kdtree done - assign the enclosing element for each.                      
 
 
     Sink point   Elems Searched  Elements Found  Percent Done                  
 
           6366                1              1        5 %                      
          12731                2              2       10 %                      
          19096                3              3       15 %                      
          25461                3              3       20 %                      
          31826                5              5       25 %                      
          38191                7              7       30 %                      
          44556                8              8       35 %                      
          50921                8              8       40 %                      
          57286                9              9       45 %                      
          63651               10             10       50 %                      
          70016               10             10       55 %                      
          76381               10             10       60 %                      
          82746               11             11       65 %                      
          89111               18             18       70 %                      
          95476               18             18       75 %                      
         101841               18             18       80 %                      
         108206               18             18       85 %                      
         114571               18             18       90 %                      
         120936               18             18       95 %                      
         127301               18             18      100 %                      
         127303               18             18       100%                      
 
Total Source Elements:                       3                                  
Total Sink   Centroids:                 127303                                  
 
WARNING: Sink points not inside source grid:                   127285           
Outside sink points flagged with value:                          9.00           
 
interpolate/map done.                                                           
 
cmo select TETCOPY                                                              
finish                                                                          
cmo kdtree release                                                              
cmo/DELATT/temp8/sbox                                                           
finish                                                                          
cmo/DELATT/temp8/v12                                                            
finish                                                                          
cmo/DELATT/temp8/linkt                                                          
finish                                                                          
cmo/DELATT/temp8/v2                                                             
finish                                                                          
finish                                                                          
compute/distance_field/TETCOPY/temp8/dfield                                     
cmo/addatt/TETCOPY/temp_tmp_var/VDOUBLE/scalar/nnodes/linear/temporary//-1.0    
finish                                                                          
cmo/addatt/TETCOPY/xobj_tmp_var/VDOUBLE/scalar/nnodes/linear/temporary//-1.0    
finish                                                                          
cmo/addatt/TETCOPY/yobj_tmp_var/VDOUBLE/scalar/nnodes/linear/temporary//-1.0    
finish                                                                          
cmo/addatt/TETCOPY/zobj_tmp_var/VDOUBLE/scalar/nnodes/linear/temporary//-1.0    
finish                                                                          
cmo/addatt/TETCOPY/dfield/VDOUBLE/scalar/nnodes/linear/permanent//-1.0          
finish                                                                          
interpolate/voronoi/TETCOPY/xobj_tmp_var/1 0 0/temp8/xic/keepatt                
nodes in indexed point set  =      23210                                        
cmo/addatt/TETCOPY/pt_gtg/VINT/scalar/nnodes//permanent/agfx/0                  
finish                                                                          
 
INTRP METHOD:    voronoi   FUNCTION:     linear                                 
      TIEBREAKER:     maxtie   FLAG:      plus1  0.500100000000E+04             
 
pt_gtg attribute will be added and kept.                                        
 
Build kdtree0 done - assign nearest node for each.                              
 
 
     Sink point   Points Searched   Points Found  Percent Done                  
 
           1162             1175           1162        5 %                      
           2323             2357           2323       10 %                      
           3484             3543           3484       15 %                      
           4645             4730           4645       20 %                      
           5806             5913           5806       25 %                      
           6967             7093           6967       30 %                      
           8128             8274           8128       35 %                      
           9289             9458           9289       40 %                      
          10450            10645          10450       45 %                      
          11611            11832          11611       50 %                      
          12772            13019          12772       55 %                      
          13933            14198          13933       60 %                      
          15094            15379          15094       65 %                      
          16255            16564          16255       70 %                      
          17416            17751          17416       75 %                      
          18577            18938          18577       80 %                      
          19738            20113          19738       85 %                      
          20899            21288          20899       90 %                      
          22060            22463          22060       95 %                      
          23210            23627          23210       100%                      
 
Total Source Nodes:                      16                                     
Total Sink   Nodes:                   23210                                     
 
 
interpolate/voronoi done.                                                       
 
cmo select TETCOPY                                                              
finish                                                                          
cmo kdtree release                                                              
finish                                                                          
finish                                                                          
interpolate/voronoi/TETCOPY/yobj_tmp_var/1 0 0/temp8/yic/keepatt                
nodes in indexed point set  =      23210                                        
 
INTRP METHOD:    voronoi   FUNCTION:     linear                                 
      TIEBREAKER:     maxtie   FLAG:      plus1  0.125100000000E+04             
 
SKIPPING POINT SEARCH... using lookup attribute pt_gtg                          
           1162             1162           1162        5 %                      
           2323             2323           2323       10 %                      
           3484             3484           3484       15 %                      
           4645             4645           4645       20 %                      
           5806             5806           5806       25 %                      
           6967             6967           6967       30 %                      
           8128             8128           8128       35 %                      
           9289             9289           9289       40 %                      
          10450            10450          10450       45 %                      
          11611            11611          11611       50 %                      
          12772            12772          12772       55 %                      
          13933            13933          13933       60 %                      
          15094            15094          15094       65 %                      
          16255            16255          16255       70 %                      
          17416            17416          17416       75 %                      
          18577            18577          18577       80 %                      
          19738            19738          19738       85 %                      
          20899            20899          20899       90 %                      
          22060            22060          22060       95 %                      
          23210            23210          23210       100%                      
 
Total Source Nodes:                      16                                     
Total Sink   Nodes:                   23210                                     
 
 
interpolate/voronoi done.                                                       
 
cmo select TETCOPY                                                              
finish                                                                          
cmo kdtree release                                                              
finish                                                                          
finish                                                                          
interpolate/voronoi/TETCOPY/zobj_tmp_var/1 0 0/temp8/zic                        
nodes in indexed point set  =      23210                                        
 
INTRP METHOD:    voronoi   FUNCTION:     linear                                 
      TIEBREAKER:     maxtie   FLAG:      plus1  0.400100000000E+04             
 
SKIPPING POINT SEARCH... using lookup attribute pt_gtg                          
           1162             1162           1162        5 %                      
           2323             2323           2323       10 %                      
           3484             3484           3484       15 %                      
           4645             4645           4645       20 %                      
           5806             5806           5806       25 %                      
           6967             6967           6967       30 %                      
           8128             8128           8128       35 %                      
           9289             9289           9289       40 %                      
          10450            10450          10450       45 %                      
          11611            11611          11611       50 %                      
          12772            12772          12772       55 %                      
          13933            13933          13933       60 %                      
          15094            15094          15094       65 %                      
          16255            16255          16255       70 %                      
          17416            17416          17416       75 %                      
          18577            18577          18577       80 %                      
          19738            19738          19738       85 %                      
          20899            20899          20899       90 %                      
          22060            22060          22060       95 %                      
          23210            23210          23210       100%                      
 
Total Source Nodes:                      16                                     
Total Sink   Nodes:                   23210                                     
 
 
interpolate/voronoi done.                                                       
 
cmo DELATT TETCOPY/pt_gtg                                                       
finish                                                                          
cmo select TETCOPY                                                              
finish                                                                          
cmo kdtree release                                                              
finish                                                                          
finish                                                                          
math/sub/TETCOPY/temp_tmp_var/1,0,0/TETCOPY/xic/TETCOPY/xobj_tmp_var            
finish                                                                          
math/power/TETCOPY/dfield/1,0,0/TETCOPY/temp_tmp_var/2.0                        
finish                                                                          
math/sub/TETCOPY/temp_tmp_var/1,0,0/TETCOPY/yic/TETCOPY/yobj_tmp_var            
finish                                                                          
math/power/TETCOPY/temp_tmp_var/1,0,0/TETCOPY/temp_tmp_var/2.0                  
finish                                                                          
math/add/TETCOPY/dfield/1 0 0/TETCOPY/dfield/TETCOPY/temp_tmp_var               
finish                                                                          
math/sub/TETCOPY/temp_tmp_var/1,0,0/TETCOPY/zic/TETCOPY/zobj_tmp_var            
finish                                                                          
math/power/TETCOPY/temp_tmp_var/1,0,0/TETCOPY/temp_tmp_var/2.0                  
finish                                                                          
math/add/TETCOPY/dfield/1 0 0/TETCOPY/dfield/TETCOPY/temp_tmp_var               
finish                                                                          
math/power/TETCOPY/dfield/1,0,0/TETCOPY/dfield/0.5                              
finish                                                                          
cmo/delatt/TETCOPY/temp_tmp_var                                                 
finish                                                                          
cmo/delatt/TETCOPY/xobj_tmp_var                                                 
finish                                                                          
cmo/delatt/TETCOPY/yobj_tmp_var                                                 
finish                                                                          
cmo/delatt/TETCOPY/zobj_tmp_var                                                 
finish                                                                          
COMPUTE distance_field: Done.                                                   
cmo/select/TETCOPY                                                              
pset/pfrac/attribute/dfield/1 0 0/le/1.e-8                                      
 
 THE PSET  pfrac  HAS         16 POINTS                                         
cmo/setatt/TETCOPY/imt/1 0 0/55                                                 
     23210 values reset for attribute imt1                                      
 
cmo/setatt/TETCOPY/imt/pset get pfrac/8                                         
        16 values reset for attribute imt1                                      
 
cmo/set_id/MOTET_np1/element/id_cell                                            
cmo/addatt/MOTET_np1 id_cell/VINT/scalar/nelements/linear/permanent//0          
finish                                                                          
cmo/set_id/MOTET_np1/node/id_vertex                                             
cmo/addatt/MOTET_np1 id_vertex/VINT/scalar/nnodes/linear/permanent//0           
finish                                                                          
extract/plane/ptnorm/1477.967252 2902.055309 -322.4282072/0.818673867305824 0.37
9717475614253 0.430798952765284/1 0 0/moext/MOTET_np1                           
cmo/status/brief                                                                
 
The current-mesh-object(CMO) is: moext                                          
 
  1 Mesh Object name: mohex2                                                    
    number of nodes =         13089        number of elements =         7855    
    dimensions geometry =         3        element type =                hex    
    dimensions topology =         3        8 nodes      6 faces     12 edges    
    boundary flag =        16000000        status =                 inactive    
 
  2 Mesh Object name: MOTET_np1                                                 
    number of nodes =         96365        number of elements =       546425    
    dimensions geometry =         3        element type =                tet    
    dimensions topology =         3        4 nodes      4 faces      6 edges    
    boundary flag =        16000000        status =                 inactive    
 
  3 Mesh Object name: MOTET                                                     
    number of nodes =         23210        number of elements =       127303    
    dimensions geometry =         3        element type =                tet    
    dimensions topology =         3        4 nodes      4 faces      6 edges    
    boundary flag =        16000000        status =                 inactive    
 
  4 Mesh Object name: MODFN                                                     
    number of nodes =           406        number of elements =          298    
    dimensions geometry =         3        element type =                tri    
    dimensions topology =         2        3 nodes      3 faces      3 edges    
    boundary flag =        16000000        status =                 inactive    
 
  5 Mesh Object name: FRACTURE8                                                 
    number of nodes =             7        number of elements =            5    
    dimensions geometry =         3        element type =                tri    
    dimensions topology =         2        3 nodes      3 faces      3 edges    
    boundary flag =        16000000        status =                 inactive    
 
  6 Mesh Object name: temp8                                                     
    number of nodes =            16        number of elements =            3    
    dimensions geometry =         3        element type =                hex    
    dimensions topology =         3        8 nodes      6 faces     12 edges    
    boundary flag =        16000000        status =                 inactive    
 
  7 Mesh Object name: TETCOPY                                                   
    number of nodes =         23210        number of elements =       127303    
    dimensions geometry =         3        element type =                tet    
    dimensions topology =         3        4 nodes      4 faces      6 edges    
    boundary flag =        16000000        status =                 inactive    
 
  8 Mesh Object name: moext                                                     
    number of nodes =          7966        number of elements =        12245    
    dimensions geometry =         3        element type =                hyb    
    dimensions topology =         2       10 nodes     10 faces     12 edges    
    boundary flag =        16000000        status =                   active    
 
 
createpts/median                                                                
cmo/addatt//xmed/VDOUBLE/scalar/nelements///gal/0.                              
finish                                                                          
cmo/addatt//ymed/VDOUBLE/scalar/nelements///gal/0.                              
finish                                                                          
cmo/addatt//zmed/VDOUBLE/scalar/nelements///gal/0.                              
finish                                                                          
cmo/DELATT/moext/id_cell                                                        
cmo/DELATT/moext/id_parent                                                      
DELATT no action, attribute does not exist: id_parent                           
dump/avs2/ex_xyz8.table/moext 0 0 0 1                                           
WARNING: dump/avs  iopt_points=    0                                            
WARNING: dump/avs  iopt_elements=    0                                          
WARNING: dump/avs  iopt_values_node=    0                                       
WARNING: dump/avs  iopt_values_elem=    1                                       
WARNING: dump/avs  will produce non-standard AVS output that                    
WARNING: read/avs may not be able to read.                                      
cmo/modatt/-def-/-def-/ioflag/x                                                 
finish                                                                          
cmo/addatt/moext/volume/area_tri                                                
ADDATT/volume: creating new attribute: area_tri                                 
cmo/DELATT/moext/xmed                                                           
cmo/DELATT/moext/ymed                                                           
cmo/DELATT/moext/zmed                                                           
dump/avs2/ex_area8.table/moext 0 0 0 1                                          
WARNING: dump/avs  iopt_points=    0                                            
WARNING: dump/avs  iopt_elements=    0                                          
WARNING: dump/avs  iopt_values_node=    0                                       
WARNING: dump/avs  iopt_values_elem=    1                                       
WARNING: dump/avs  will produce non-standard AVS output that                    
WARNING: read/avs may not be able to read.                                      
cmo/modatt/-def-/-def-/ioflag/x                                                 
finish                                                                          
cmo/delete/moext                                                                
     Released Mesh Object: moext                                                
cmo/select/TETCOPY                                                              
cmo/DELATT/TETCOPY/icr1                                                         
cmo/DELATT/TETCOPY/itp1                                                         
cmo/DELATT/TETCOPY/isn1                                                         
dump/avs2/frac8.inp/TETCOPY                                                     
cmo/modatt/-def-/-def-/ioflag/x                                                 
finish                                                                          
cmo/delete/temp8                                                                
     Released Mesh Object: temp8                                                
cmo/delete/TETCOPY                                                              
     Released Mesh Object: TETCOPY                                              
cmo/select/mohex2                                                               
cmo/setatt/mohex2/itetclr/eltset get erefine/8                                  
         3 values reset for attribute itetclr                                   
 
cmo/setatt/mohex2/imt/pset get pinter/8                                         
        16 values reset for attribute imt1                                      
 
eltset/erefine/delete                                                           
 
 ELTSET erefine                          DELETED                                
 
pset/pinter/delete                                                              
 
 PSET pinter   DELETED                                                          
 
cmo/DELATT/mohex2/if_int                                                        
cmo/delete/FRACTURE8                                                            
     Released Mesh Object: FRACTURE8                                            
finish                                                                          
LaGriT successfully completed                                                   
