 
 
*               * * * * * * * * * * * * * * * * * * * * * * * *                 
*               *                                             *                 
*               *    Program:  LaGriT V3.3.4   Darwin         *                 
*               *    Compiler Name: AppleClang                *                 
*               *    Compiler Version: 14.0.0.14000029        *                 
*               *    Date Compile: 2024/10/22                 *                 
*               *    Run Time: 2024/Oct 28  12:30:33          *                 
*               *    Manual:   https://lagrit.lanl.gov        *                 
*               *                                             *                 
*               * * * * * * * * * * * * * * * * * * * * * * * *                 
 
                               -----oOo-----                                    
             LaGriT V3 LA-CC-15-069  https://github.com/lanl/LaGriT             
  Copyright 2016. Triad National Security, LLC.  All rights reserved. This      
  program was produced under U.S. Government contract 89233218CNA000001         
  for Los Alamos National Laboratory (LANL), which is operated by Triad         
  National Security, LLC for the U.S. Department of Energy/National Nuclear     
  Security Administration.  All rights in the program are reserved by Triad     
  National Security, LLC, and the U.S. Department of Energy/National Nuclear    
  Security Administration. The Government is granted for itself and others      
  acting on its behalf a nonexclusive, paid-up, irrevocable worldwide license   
  in this material to reproduce, prepare derivative works, distribute copies    
  to the public, perform publicly and display publicly, and to permit others to 
  do so. This software is open source and available under the BSD-3 License.    
                               -----oOo-----                                    
 
 
Output log file: lagrit_logs/driver_frac17.out                                  
Command log file: lagrit_logs/driver_frac17.log                                 
 
read/avs/mohex2.inp/mohex2                                                      
cmo/addatt/mohex2/itetpar/VINT/scalar/nelements/linear/permanent/gxaf/0.0       
finish                                                                          
cmo/addatt/mohex2/itetkid/VINT/scalar/nelements/linear/permanent/gxaf/0.0       
finish                                                                          
cmo/addatt/mohex2/itetlev/VINT/scalar/nelements/linear/permanent/gxaf/0.0       
finish                                                                          
cmo/addatt/mohex2/if_int/VINT/scalar/nelements/linear/permanent/gxaf/0.0        
finish                                                                          
geniee                                                                          
finish                                                                          
cmo/status/brief                                                                
 
The current-mesh-object(CMO) is: mohex2                                         
 
  1 Mesh Object name: mohex2                                                    
    number of nodes =         13089        number of elements =         7855    
    dimensions geometry =         3        element type =                hex    
    dimensions topology =         3        8 nodes      6 faces     12 edges    
    boundary flag =        16000000        status =                   active    
 
 
finish                                                                          
cmo/DELATT/mohex2/if_int                                                        
read/avs/MOTET_np1.inp/MOTET_np1                                                
geniee                                                                          
finish                                                                          
cmo/status/brief                                                                
 
The current-mesh-object(CMO) is: MOTET_np1                                      
 
  1 Mesh Object name: mohex2                                                    
    number of nodes =         13089        number of elements =         7855    
    dimensions geometry =         3        element type =                hex    
    dimensions topology =         3        8 nodes      6 faces     12 edges    
    boundary flag =        16000000        status =                 inactive    
 
  2 Mesh Object name: MOTET_np1                                                 
    number of nodes =         96365        number of elements =       546425    
    dimensions geometry =         3        element type =                tet    
    dimensions topology =         3        4 nodes      4 faces      6 edges    
    boundary flag =        16000000        status =                   active    
 
 
finish                                                                          
read/avs/MOTET.inp/MOTET                                                        
geniee                                                                          
finish                                                                          
cmo/status/brief                                                                
 
The current-mesh-object(CMO) is: MOTET                                          
 
  1 Mesh Object name: mohex2                                                    
    number of nodes =         13089        number of elements =         7855    
    dimensions geometry =         3        element type =                hex    
    dimensions topology =         3        8 nodes      6 faces     12 edges    
    boundary flag =        16000000        status =                 inactive    
 
  2 Mesh Object name: MOTET_np1                                                 
    number of nodes =         96365        number of elements =       546425    
    dimensions geometry =         3        element type =                tet    
    dimensions topology =         3        4 nodes      4 faces      6 edges    
    boundary flag =        16000000        status =                 inactive    
 
  3 Mesh Object name: MOTET                                                     
    number of nodes =         23210        number of elements =       127303    
    dimensions geometry =         3        element type =                tet    
    dimensions topology =         3        4 nodes      4 faces      6 edges    
    boundary flag =        16000000        status =                   active    
 
 
finish                                                                          
read/avs/reduced_mesh.inp/MODFN                                                 
cmo/addatt/MODFN/family_id/VINT/scalar/nelements/linear/permanent/gxaf/0.0      
finish                                                                          
geniee                                                                          
finish                                                                          
cmo/status/brief                                                                
 
The current-mesh-object(CMO) is: MODFN                                          
 
  1 Mesh Object name: mohex2                                                    
    number of nodes =         13089        number of elements =         7855    
    dimensions geometry =         3        element type =                hex    
    dimensions topology =         3        8 nodes      6 faces     12 edges    
    boundary flag =        16000000        status =                 inactive    
 
  2 Mesh Object name: MOTET_np1                                                 
    number of nodes =         96365        number of elements =       546425    
    dimensions geometry =         3        element type =                tet    
    dimensions topology =         3        4 nodes      4 faces      6 edges    
    boundary flag =        16000000        status =                 inactive    
 
  3 Mesh Object name: MOTET                                                     
    number of nodes =         23210        number of elements =       127303    
    dimensions geometry =         3        element type =                tet    
    dimensions topology =         3        4 nodes      4 faces      6 edges    
    boundary flag =        16000000        status =                 inactive    
 
  4 Mesh Object name: MODFN                                                     
    number of nodes =           406        number of elements =          298    
    dimensions geometry =         3        element type =                tri    
    dimensions topology =         2        3 nodes      3 faces      3 edges    
    boundary flag =        16000000        status =                   active    
 
 
finish                                                                          
cmo/create/FRACTURE17                                                           
cmo/copy/FRACTURE17/MODFN                                                       
     Released Mesh Object: FRACTURE17                                           
cmo/select/FRACTURE17                                                           
pset/pdel/attribute imt/1 0 0/ne/17                                             
 
 THE PSET  pdel  HAS        398 POINTS                                          
rmpoint pset,get,pdel                                                           
 Dudded        398 points plus parents, plus         292 elements removed.      
rmpoint compress                                                                
       398 points removed and          0 elements removed.                      
RMPOINT: new point count is            8                                        
RMPOINT: new element count is          6                                        
resetpts itp                                                                    
geniee                                                                          
finish                                                                          
pset/pdel/delete                                                                
 
 PSET pdel     DELETED                                                          
 
eltset/edel/itetclr/ne/17                                                       
 
 THE ELTSET edel                             HAS          0 ELEMENTS            
rmpoint element eltset,get,edel                                                 
 Dudded          0 points plus parents, and           0 elements removed.       
rmpoint compress                                                                
         0 points removed and          0 elements removed.                      
RMPOINT: new point count is            8                                        
RMPOINT: new element count is          6                                        
resetpts itp                                                                    
geniee                                                                          
finish                                                                          
eltset/edel/delete                                                              
 
 ELTSET edel                             DELETED                                
 
intersect_elements/mohex2/FRACTURE17/if_int                                     
cmo/select/mohex2                                                               
finish                                                                          
kdtree/build                                                                    
cmo/addatt//v2/INT/scalar/scalar/constant/temporary//2.0                        
finish                                                                          
cmo/addatt//linkt/VINT/v2/nelements//temporary/x/0.0                            
finish                                                                          
cmo/addatt//v12/INT/scalar/scalar/constant/temporary//12.0                      
finish                                                                          
cmo/addatt//sbox/VDOUBLE/v12/nelements/linear/temporary/x/0.0                   
finish                                                                          
finish                                                                          
cmo/addatt/mohex2/if_int/VINT/scalar/nelements/linear/permanent//0/             
finish                                                                          
 
         Element    Elems Searched  Elements Found  Percent Done                
              3               14              6       25 %                      
              5               36              0       50 %                      
              6               47              6    Total Done                   
 
cmo/select/mohex2                                                               
finish                                                                          
kdtree/release                                                                  
cmo/DELATT/mohex2/sbox                                                          
finish                                                                          
cmo/DELATT/mohex2/v12                                                           
finish                                                                          
cmo/DELATT/mohex2/linkt                                                         
finish                                                                          
cmo/DELATT/mohex2/v2                                                            
finish                                                                          
finish                                                                          
eltset/erefine/if_int/ne/0                                                      
 
 THE ELTSET erefine                          HAS          6 ELEMENTS            
pset/pinter/eltset erefine                                                      
 
 THE PSET  pinter  HAS         24 POINTS                                        
cmo/create/temp17                                                               
cmo/copy/temp17/mohex2                                                          
     Released Mesh Object: temp17                                               
cmo/select/temp17                                                               
pset/pdel/if_int/1 0 0/eq/0                                                     
 
 THE PSET  pdel  HAS          0 POINTS                                          
rmpoint,pset,get,pdel                                                           
 Dudded          0 points plus parents, there are no elements in mesh.          
rmpoint compress                                                                
         0 points removed and          0 elements removed.                      
RMPOINT: new point count is        13089                                        
RMPOINT: new element count is       7855                                        
resetpts itp                                                                    
geniee                                                                          
finish                                                                          
pset/pdel/delete                                                                
 
 PSET pdel     DELETED                                                          
 
eltset/edel/if_int/eq/0                                                         
 
 THE ELTSET edel                             HAS       7849 ELEMENTS            
rmpoint element eltset,get,edel                                                 
 Dudded      13065 points plus parents, and        7849 elements removed.       
rmpoint compress                                                                
     13065 points removed and          0 elements removed.                      
RMPOINT: new point count is           24                                        
RMPOINT: new element count is          6                                        
resetpts itp                                                                    
geniee                                                                          
finish                                                                          
eltset/edel/delete                                                              
 
 ELTSET edel                             DELETED                                
 
cmo/setatt/temp17/itetclr/1 0 0/17                                              
         6 values reset for attribute itetclr                                   
 
cmo/setatt/temp17/imt/1 0 0/17                                                  
        24 values reset for attribute imt1                                      
 
cmo/create/TETCOPY                                                              
cmo/copy/TETCOPY/MOTET                                                          
     Released Mesh Object: TETCOPY                                              
cmo/select/TETCOPY                                                              
interpolate/map/TETCOPY/itetclr/1 0 0/temp17/itetclr                            
elements in indexed set  =     127303                                           
 
INTRP METHOD:        map   FUNCTION:       user                                 
      TIEBREAKER:     maxtie   FLAG:      plus1  0.180000000000E+02             
 
cmo select temp17                                                               
finish                                                                          
cmo kdtree build                                                                
cmo/addatt//v2/INT/scalar/scalar/constant/temporary//2.0                        
finish                                                                          
cmo/addatt//linkt/VINT/v2/nelements//temporary/x/0.0                            
finish                                                                          
cmo/addatt//v12/INT/scalar/scalar/constant/temporary//12.0                      
finish                                                                          
cmo/addatt//sbox/VDOUBLE/v12/nelements/linear/temporary/x/0.0                   
finish                                                                          
finish                                                                          
cmo setatt temp17 idebug/0                                                      
         1 values reset for attribute idebug                                    
 
finish                                                                          
 
Build kdtree done - assign the enclosing element for each.                      
 
 
     Sink point   Elems Searched  Elements Found  Percent Done                  
 
           6366                1              1        5 %                      
          12731                4              4       10 %                      
          19096                4              4       15 %                      
          25461                7              7       20 %                      
          31826                7              7       25 %                      
          38191                7              7       30 %                      
          44556                9              9       35 %                      
          50921               13             13       40 %                      
          57286               17             17       45 %                      
          63651               19             19       50 %                      
          70016               19             19       55 %                      
          76381               22             22       60 %                      
          82746               26             26       65 %                      
          89111               27             27       70 %                      
          95476               30             30       75 %                      
         101841               31             31       80 %                      
         108206               32             32       85 %                      
         114571               33             33       90 %                      
         120936               33             33       95 %                      
         127301               36             36      100 %                      
         127303               36             36       100%                      
 
Total Source Elements:                       6                                  
Total Sink   Centroids:                 127303                                  
 
WARNING: Sink points not inside source grid:                   127267           
Outside sink points flagged with value:                         18.00           
 
interpolate/map done.                                                           
 
cmo select TETCOPY                                                              
finish                                                                          
cmo kdtree release                                                              
cmo/DELATT/temp17/sbox                                                          
finish                                                                          
cmo/DELATT/temp17/v12                                                           
finish                                                                          
cmo/DELATT/temp17/linkt                                                         
finish                                                                          
cmo/DELATT/temp17/v2                                                            
finish                                                                          
finish                                                                          
compute/distance_field/TETCOPY/temp17/dfield                                    
cmo/addatt/TETCOPY/temp_tmp_var/VDOUBLE/scalar/nnodes/linear/temporary//-1.0    
finish                                                                          
cmo/addatt/TETCOPY/xobj_tmp_var/VDOUBLE/scalar/nnodes/linear/temporary//-1.0    
finish                                                                          
cmo/addatt/TETCOPY/yobj_tmp_var/VDOUBLE/scalar/nnodes/linear/temporary//-1.0    
finish                                                                          
cmo/addatt/TETCOPY/zobj_tmp_var/VDOUBLE/scalar/nnodes/linear/temporary//-1.0    
finish                                                                          
cmo/addatt/TETCOPY/dfield/VDOUBLE/scalar/nnodes/linear/permanent//-1.0          
finish                                                                          
interpolate/voronoi/TETCOPY/xobj_tmp_var/1 0 0/temp17/xic/keepatt               
nodes in indexed point set  =      23210                                        
cmo/addatt/TETCOPY/pt_gtg/VINT/scalar/nnodes//permanent/agfx/0                  
finish                                                                          
 
INTRP METHOD:    voronoi   FUNCTION:     linear                                 
      TIEBREAKER:     maxtie   FLAG:      plus1 -0.124900000000E+04             
 
pt_gtg attribute will be added and kept.                                        
 
Build kdtree0 done - assign nearest node for each.                              
 
 
     Sink point   Points Searched   Points Found  Percent Done                  
 
           1162             1173           1162        5 %                      
           2323             2346           2323       10 %                      
           3484             3522           3484       15 %                      
           4645             4699           4645       20 %                      
           5806             5876           5806       25 %                      
           6967             7053           6967       30 %                      
           8128             8227           8128       35 %                      
           9289             9401           9289       40 %                      
          10450            10575          10450       45 %                      
          11611            11749          11611       50 %                      
          12772            12921          12772       55 %                      
          13933            14095          13933       60 %                      
          15094            15268          15094       65 %                      
          16255            16441          16255       70 %                      
          17416            17614          17416       75 %                      
          18577            18786          18577       80 %                      
          19738            19962          19738       85 %                      
          20899            21134          20899       90 %                      
          22060            22306          22060       95 %                      
          23210            23467          23210       100%                      
 
Total Source Nodes:                      24                                     
Total Sink   Nodes:                   23210                                     
 
 
interpolate/voronoi done.                                                       
 
cmo select TETCOPY                                                              
finish                                                                          
cmo kdtree release                                                              
finish                                                                          
finish                                                                          
interpolate/voronoi/TETCOPY/yobj_tmp_var/1 0 0/temp17/yic/keepatt               
nodes in indexed point set  =      23210                                        
 
INTRP METHOD:    voronoi   FUNCTION:     linear                                 
      TIEBREAKER:     maxtie   FLAG:      plus1  0.251000000000E+03             
 
SKIPPING POINT SEARCH... using lookup attribute pt_gtg                          
           1162             1162           1162        5 %                      
           2323             2323           2323       10 %                      
           3484             3484           3484       15 %                      
           4645             4645           4645       20 %                      
           5806             5806           5806       25 %                      
           6967             6967           6967       30 %                      
           8128             8128           8128       35 %                      
           9289             9289           9289       40 %                      
          10450            10450          10450       45 %                      
          11611            11611          11611       50 %                      
          12772            12772          12772       55 %                      
          13933            13933          13933       60 %                      
          15094            15094          15094       65 %                      
          16255            16255          16255       70 %                      
          17416            17416          17416       75 %                      
          18577            18577          18577       80 %                      
          19738            19738          19738       85 %                      
          20899            20899          20899       90 %                      
          22060            22060          22060       95 %                      
          23210            23210          23210       100%                      
 
Total Source Nodes:                      24                                     
Total Sink   Nodes:                   23210                                     
 
 
interpolate/voronoi done.                                                       
 
cmo select TETCOPY                                                              
finish                                                                          
cmo kdtree release                                                              
finish                                                                          
finish                                                                          
interpolate/voronoi/TETCOPY/zobj_tmp_var/1 0 0/temp17/zic                       
nodes in indexed point set  =      23210                                        
 
INTRP METHOD:    voronoi   FUNCTION:     linear                                 
      TIEBREAKER:     maxtie   FLAG:      plus1  0.325100000000E+04             
 
SKIPPING POINT SEARCH... using lookup attribute pt_gtg                          
           1162             1162           1162        5 %                      
           2323             2323           2323       10 %                      
           3484             3484           3484       15 %                      
           4645             4645           4645       20 %                      
           5806             5806           5806       25 %                      
           6967             6967           6967       30 %                      
           8128             8128           8128       35 %                      
           9289             9289           9289       40 %                      
          10450            10450          10450       45 %                      
          11611            11611          11611       50 %                      
          12772            12772          12772       55 %                      
          13933            13933          13933       60 %                      
          15094            15094          15094       65 %                      
          16255            16255          16255       70 %                      
          17416            17416          17416       75 %                      
          18577            18577          18577       80 %                      
          19738            19738          19738       85 %                      
          20899            20899          20899       90 %                      
          22060            22060          22060       95 %                      
          23210            23210          23210       100%                      
 
Total Source Nodes:                      24                                     
Total Sink   Nodes:                   23210                                     
 
 
interpolate/voronoi done.                                                       
 
cmo DELATT TETCOPY/pt_gtg                                                       
finish                                                                          
cmo select TETCOPY                                                              
finish                                                                          
cmo kdtree release                                                              
finish                                                                          
finish                                                                          
math/sub/TETCOPY/temp_tmp_var/1,0,0/TETCOPY/xic/TETCOPY/xobj_tmp_var            
finish                                                                          
math/power/TETCOPY/dfield/1,0,0/TETCOPY/temp_tmp_var/2.0                        
finish                                                                          
math/sub/TETCOPY/temp_tmp_var/1,0,0/TETCOPY/yic/TETCOPY/yobj_tmp_var            
finish                                                                          
math/power/TETCOPY/temp_tmp_var/1,0,0/TETCOPY/temp_tmp_var/2.0                  
finish                                                                          
math/add/TETCOPY/dfield/1 0 0/TETCOPY/dfield/TETCOPY/temp_tmp_var               
finish                                                                          
math/sub/TETCOPY/temp_tmp_var/1,0,0/TETCOPY/zic/TETCOPY/zobj_tmp_var            
finish                                                                          
math/power/TETCOPY/temp_tmp_var/1,0,0/TETCOPY/temp_tmp_var/2.0                  
finish                                                                          
math/add/TETCOPY/dfield/1 0 0/TETCOPY/dfield/TETCOPY/temp_tmp_var               
finish                                                                          
math/power/TETCOPY/dfield/1,0,0/TETCOPY/dfield/0.5                              
finish                                                                          
cmo/delatt/TETCOPY/temp_tmp_var                                                 
finish                                                                          
cmo/delatt/TETCOPY/xobj_tmp_var                                                 
finish                                                                          
cmo/delatt/TETCOPY/yobj_tmp_var                                                 
finish                                                                          
cmo/delatt/TETCOPY/zobj_tmp_var                                                 
finish                                                                          
COMPUTE distance_field: Done.                                                   
cmo/select/TETCOPY                                                              
pset/pfrac/attribute/dfield/1 0 0/le/1.e-8                                      
 
 THE PSET  pfrac  HAS         24 POINTS                                         
cmo/setatt/TETCOPY/imt/1 0 0/55                                                 
     23210 values reset for attribute imt1                                      
 
cmo/setatt/TETCOPY/imt/pset get pfrac/17                                        
        24 values reset for attribute imt1                                      
 
cmo/set_id/MOTET_np1/element/id_cell                                            
cmo/addatt/MOTET_np1 id_cell/VINT/scalar/nelements/linear/permanent//0          
finish                                                                          
cmo/set_id/MOTET_np1/node/id_vertex                                             
cmo/addatt/MOTET_np1 id_vertex/VINT/scalar/nnodes/linear/permanent//0           
finish                                                                          
extract/plane/ptnorm/3796.17921 2650.782608 -1370.440635/-0.393350972698137 -0.8
60576263178061 0.323548307879849/1 0 0/moext/MOTET_np1                          
cmo/status/brief                                                                
 
The current-mesh-object(CMO) is: moext                                          
 
  1 Mesh Object name: mohex2                                                    
    number of nodes =         13089        number of elements =         7855    
    dimensions geometry =         3        element type =                hex    
    dimensions topology =         3        8 nodes      6 faces     12 edges    
    boundary flag =        16000000        status =                 inactive    
 
  2 Mesh Object name: MOTET_np1                                                 
    number of nodes =         96365        number of elements =       546425    
    dimensions geometry =         3        element type =                tet    
    dimensions topology =         3        4 nodes      4 faces      6 edges    
    boundary flag =        16000000        status =                 inactive    
 
  3 Mesh Object name: MOTET                                                     
    number of nodes =         23210        number of elements =       127303    
    dimensions geometry =         3        element type =                tet    
    dimensions topology =         3        4 nodes      4 faces      6 edges    
    boundary flag =        16000000        status =                 inactive    
 
  4 Mesh Object name: MODFN                                                     
    number of nodes =           406        number of elements =          298    
    dimensions geometry =         3        element type =                tri    
    dimensions topology =         2        3 nodes      3 faces      3 edges    
    boundary flag =        16000000        status =                 inactive    
 
  5 Mesh Object name: FRACTURE17                                                
    number of nodes =             8        number of elements =            6    
    dimensions geometry =         3        element type =                tri    
    dimensions topology =         2        3 nodes      3 faces      3 edges    
    boundary flag =        16000000        status =                 inactive    
 
  6 Mesh Object name: temp17                                                    
    number of nodes =            24        number of elements =            6    
    dimensions geometry =         3        element type =                hex    
    dimensions topology =         3        8 nodes      6 faces     12 edges    
    boundary flag =        16000000        status =                 inactive    
 
  7 Mesh Object name: TETCOPY                                                   
    number of nodes =         23210        number of elements =       127303    
    dimensions geometry =         3        element type =                tet    
    dimensions topology =         3        4 nodes      4 faces      6 edges    
    boundary flag =        16000000        status =                 inactive    
 
  8 Mesh Object name: moext                                                     
    number of nodes =          2319        number of elements =         3483    
    dimensions geometry =         3        element type =                hyb    
    dimensions topology =         2       10 nodes     10 faces     12 edges    
    boundary flag =        16000000        status =                   active    
 
 
createpts/median                                                                
cmo/addatt//xmed/VDOUBLE/scalar/nelements///gal/0.                              
finish                                                                          
cmo/addatt//ymed/VDOUBLE/scalar/nelements///gal/0.                              
finish                                                                          
cmo/addatt//zmed/VDOUBLE/scalar/nelements///gal/0.                              
finish                                                                          
cmo/DELATT/moext/id_cell                                                        
cmo/DELATT/moext/id_parent                                                      
DELATT no action, attribute does not exist: id_parent                           
dump/avs2/ex_xyz17.table/moext 0 0 0 1                                          
WARNING: dump/avs  iopt_points=    0                                            
WARNING: dump/avs  iopt_elements=    0                                          
WARNING: dump/avs  iopt_values_node=    0                                       
WARNING: dump/avs  iopt_values_elem=    1                                       
WARNING: dump/avs  will produce non-standard AVS output that                    
WARNING: read/avs may not be able to read.                                      
cmo/modatt/-def-/-def-/ioflag/x                                                 
finish                                                                          
cmo/addatt/moext/volume/area_tri                                                
ADDATT/volume: creating new attribute: area_tri                                 
cmo/DELATT/moext/xmed                                                           
cmo/DELATT/moext/ymed                                                           
cmo/DELATT/moext/zmed                                                           
dump/avs2/ex_area17.table/moext 0 0 0 1                                         
WARNING: dump/avs  iopt_points=    0                                            
WARNING: dump/avs  iopt_elements=    0                                          
WARNING: dump/avs  iopt_values_node=    0                                       
WARNING: dump/avs  iopt_values_elem=    1                                       
WARNING: dump/avs  will produce non-standard AVS output that                    
WARNING: read/avs may not be able to read.                                      
cmo/modatt/-def-/-def-/ioflag/x                                                 
finish                                                                          
cmo/delete/moext                                                                
     Released Mesh Object: moext                                                
cmo/select/TETCOPY                                                              
cmo/DELATT/TETCOPY/icr1                                                         
cmo/DELATT/TETCOPY/itp1                                                         
cmo/DELATT/TETCOPY/isn1                                                         
dump/avs2/frac17.inp/TETCOPY                                                    
cmo/modatt/-def-/-def-/ioflag/x                                                 
finish                                                                          
cmo/delete/temp17                                                               
     Released Mesh Object: temp17                                               
cmo/delete/TETCOPY                                                              
     Released Mesh Object: TETCOPY                                              
cmo/select/mohex2                                                               
cmo/setatt/mohex2/itetclr/eltset get erefine/17                                 
         6 values reset for attribute itetclr                                   
 
cmo/setatt/mohex2/imt/pset get pinter/17                                        
        24 values reset for attribute imt1                                      
 
eltset/erefine/delete                                                           
 
 ELTSET erefine                          DELETED                                
 
pset/pinter/delete                                                              
 
 PSET pinter   DELETED                                                          
 
cmo/DELATT/mohex2/if_int                                                        
cmo/delete/FRACTURE17                                                           
     Released Mesh Object: FRACTURE17                                           
finish                                                                          
LaGriT successfully completed                                                   
